<?xml version="1.0" encoding="UTF-8"?>
<!-- Generated by org.testng.reporters.JUnitReportReporter -->
<testsuite skipped="0" hostname="ip-172-31-25-187" name="com.main.SecondClass" tests="1" failures="0" timestamp="2022-02-06T05:46:25 UTC" time="0.001" errors="0">
  <testcase name="secondmethod" time="0.001" classname="com.main.SecondClass"/>
  <system-out/>
</testsuite> <!-- com.main.SecondClass -->
